<?xml version="1.0" encoding="UTF-8"?>
<coverage generated="1766760613947" clover="3.2.0">
  <project timestamp="1766760613947" name="All files">
    <metrics statements="19" coveredstatements="0" conditionals="2" coveredconditionals="0" methods="8" coveredmethods="0" elements="29" coveredelements="0" complexity="0" loc="19" ncloc="19" packages="1" files="2" classes="2"/>
    <file name="movieSlice.js" path="/Users/sitirahmawati/Documents/rahma/omdi-movie-react-app/src/features/movies/movieSlice.js">
      <metrics statements="13" coveredstatements="0" conditionals="2" coveredconditionals="0" methods="6" coveredmethods="0"/>
      <line num="4" count="0" type="stmt"/>
      <line num="16" count="0" type="stmt"/>
      <line num="17" count="0" type="stmt"/>
      <line num="20" count="0" type="stmt"/>
      <line num="24" count="0" type="stmt"/>
      <line num="26" count="0" type="stmt"/>
      <line num="29" count="0" type="stmt"/>
      <line num="30" count="0" type="cond" truecount="0" falsecount="2"/>
      <line num="31" count="0" type="stmt"/>
      <line num="32" count="0" type="stmt"/>
      <line num="33" count="0" type="stmt"/>
      <line num="37" count="0" type="stmt"/>
      <line num="42" count="0" type="stmt"/>
    </file>
    <file name="movieThunks.js" path="/Users/sitirahmawati/Documents/rahma/omdi-movie-react-app/src/features/movies/movieThunks.js">
      <metrics statements="6" coveredstatements="0" conditionals="0" coveredconditionals="0" methods="2" coveredmethods="0"/>
      <line num="4" count="0" type="stmt"/>
      <line num="7" count="0" type="stmt"/>
      <line num="10" count="0" type="stmt"/>
      <line num="14" count="0" type="stmt"/>
      <line num="17" count="0" type="stmt"/>
      <line num="20" count="0" type="stmt"/>
    </file>
  </project>
</coverage>
