{"/Users/sitirahmawati/Documents/rahma/omdi-movie-react-app/src/features/movies/movieSlice.js": {"path":"/Users/sitirahmawati/Documents/rahma/omdi-movie-react-app/src/features/movies/movieSlice.js","statementMap":{"0":{"start":{"line":4,"column":19},"end":{"line":40,"column":2}},"1":{"start":{"line":16,"column":6},"end":{"line":16,"column":22}},"2":{"start":{"line":17,"column":6},"end":{"line":17,"column":21}},"3":{"start":{"line":20,"column":6},"end":{"line":20,"column":36}},"4":{"start":{"line":24,"column":4},"end":{"line":38,"column":9}},"5":{"start":{"line":26,"column":8},"end":{"line":26,"column":29}},"6":{"start":{"line":29,"column":8},"end":{"line":29,"column":30}},"7":{"start":{"line":30,"column":8},"end":{"line":34,"column":9}},"8":{"start":{"line":31,"column":10},"end":{"line":31,"column":52}},"9":{"start":{"line":32,"column":10},"end":{"line":32,"column":59}},"10":{"start":{"line":33,"column":10},"end":{"line":33,"column":26}},"11":{"start":{"line":37,"column":8},"end":{"line":37,"column":40}},"12":{"start":{"line":42,"column":42},"end":{"line":42,"column":60}}},"fnMap":{"0":{"name":"(anonymous_0)","decl":{"start":{"line":15,"column":4},"end":{"line":15,"column":5}},"loc":{"start":{"line":15,"column":23},"end":{"line":18,"column":5}},"line":15},"1":{"name":"(anonymous_1)","decl":{"start":{"line":19,"column":4},"end":{"line":19,"column":5}},"loc":{"start":{"line":19,"column":29},"end":{"line":21,"column":5}},"line":19},"2":{"name":"(anonymous_2)","decl":{"start":{"line":23,"column":17},"end":{"line":23,"column":18}},"loc":{"start":{"line":23,"column":30},"end":{"line":39,"column":3}},"line":23},"3":{"name":"(anonymous_3)","decl":{"start":{"line":25,"column":36},"end":{"line":25,"column":37}},"loc":{"start":{"line":25,"column":47},"end":{"line":27,"column":7}},"line":25},"4":{"name":"(anonymous_4)","decl":{"start":{"line":28,"column":38},"end":{"line":28,"column":39}},"loc":{"start":{"line":28,"column":57},"end":{"line":35,"column":7}},"line":28},"5":{"name":"(anonymous_5)","decl":{"start":{"line":36,"column":41},"end":{"line":36,"column":42}},"loc":{"start":{"line":36,"column":60},"end":{"line":38,"column":7}},"line":36}},"branchMap":{"0":{"loc":{"start":{"line":30,"column":8},"end":{"line":34,"column":9}},"type":"if","locations":[{"start":{"line":30,"column":8},"end":{"line":34,"column":9}},{"start":{},"end":{}}],"line":30}},"s":{"0":0,"1":0,"2":0,"3":0,"4":0,"5":0,"6":0,"7":0,"8":0,"9":0,"10":0,"11":0,"12":0},"f":{"0":0,"1":0,"2":0,"3":0,"4":0,"5":0},"b":{"0":[0,0]}}
,"/Users/sitirahmawati/Documents/rahma/omdi-movie-react-app/src/features/movies/movieThunks.js": {"path":"/Users/sitirahmawati/Documents/rahma/omdi-movie-react-app/src/features/movies/movieThunks.js","statementMap":{"0":{"start":{"line":4,"column":27},"end":{"line":12,"column":1}},"1":{"start":{"line":7,"column":16},"end":{"line":9,"column":6}},"2":{"start":{"line":10,"column":4},"end":{"line":10,"column":20}},"3":{"start":{"line":14,"column":30},"end":{"line":22,"column":1}},"4":{"start":{"line":17,"column":16},"end":{"line":19,"column":6}},"5":{"start":{"line":20,"column":4},"end":{"line":20,"column":20}}},"fnMap":{"0":{"name":"(anonymous_0)","decl":{"start":{"line":6,"column":2},"end":{"line":6,"column":3}},"loc":{"start":{"line":6,"column":30},"end":{"line":11,"column":3}},"line":6},"1":{"name":"(anonymous_1)","decl":{"start":{"line":16,"column":2},"end":{"line":16,"column":3}},"loc":{"start":{"line":16,"column":16},"end":{"line":21,"column":3}},"line":16}},"branchMap":{},"s":{"0":0,"1":0,"2":0,"3":0,"4":0,"5":0},"f":{"0":0,"1":0},"b":{}}
}
